<?xml version="1.0" encoding="UTF-8"?>
<testng-results skipped="0" failed="0" ignored="0" total="2" passed="2">
  <reporter-output>
  </reporter-output>
  <suite name="Default suite" duration-ms="4600" started-at="2019-06-05T07:13:55Z" finished-at="2019-06-05T07:13:59Z">
    <groups>
    </groups>
    <test name="Default test" duration-ms="4600" started-at="2019-06-05T07:13:55Z" finished-at="2019-06-05T07:13:59Z">
      <class name="EDF.MAvenRelease.NewTestMajor">
        <test-method status="PASS" signature="ChromeSetup()[pri:0, instance:EDF.MAvenRelease.NewTestMajor@64bfbc86]" name="ChromeSetup" is-config="true" duration-ms="3215" started-at="2019-06-05T07:13:55Z" finished-at="2019-06-05T07:13:58Z">
          <reporter-output>
          </reporter-output>
        </test-method> <!-- ChromeSetup -->
        <test-method status="PASS" signature="CheckCal()[pri:0, instance:EDF.MAvenRelease.NewTestMajor@64bfbc86]" name="CheckCal" duration-ms="9" started-at="2019-06-05T07:13:58Z" finished-at="2019-06-05T07:13:58Z">
          <reporter-output>
          </reporter-output>
        </test-method> <!-- CheckCal -->
        <test-method status="PASS" signature="f()[pri:0, instance:EDF.MAvenRelease.NewTestMajor@64bfbc86]" name="f" duration-ms="656" started-at="2019-06-05T07:13:58Z" finished-at="2019-06-05T07:13:59Z">
          <reporter-output>
          </reporter-output>
        </test-method> <!-- f -->
        <test-method status="PASS" signature="ClosingInstance()[pri:0, instance:EDF.MAvenRelease.NewTestMajor@64bfbc86]" name="ClosingInstance" is-config="true" duration-ms="695" started-at="2019-06-05T07:13:59Z" finished-at="2019-06-05T07:13:59Z">
          <reporter-output>
          </reporter-output>
        </test-method> <!-- ClosingInstance -->
      </class> <!-- EDF.MAvenRelease.NewTestMajor -->
    </test> <!-- Default test -->
  </suite> <!-- Default suite -->
</testng-results>
